[INFO] [launch]: All log files can be found below /home/qiyue/.ros/log/2025-12-07-15-33-14-344678-qiyue-Legion-Y7000P-IRX9-35959
[INFO] [launch]: Default logging verbosity is set to INFO
[INFO] [ign gazebo-1]: process started with pid [35973]
[INFO] [robot_state_publisher-2]: process started with pid [35975]
[INFO] [create-3]: process started with pid [35977]
[INFO] [parameter_bridge-4]: process started with pid [35979]
[robot_state_publisher-2] [WARN] [1765092794.959028184] [kdl_parser]: The root link base_footprint has an inertia specified in the URDF, but KDL does not support a root link with an inertia.  As a workaround, you can add an extra dummy link to your URDF.
[robot_state_publisher-2] [INFO] [1765092794.959081231] [robot_state_publisher]: got segment Front_Left
[robot_state_publisher-2] [INFO] [1765092794.959108805] [robot_state_publisher]: got segment Front_Right
[robot_state_publisher-2] [INFO] [1765092794.959112139] [robot_state_publisher]: got segment Rear_Left
[robot_state_publisher-2] [INFO] [1765092794.959114848] [robot_state_publisher]: got segment Rear_Right
[robot_state_publisher-2] [INFO] [1765092794.959117310] [robot_state_publisher]: got segment base_footprint
[robot_state_publisher-2] [INFO] [1765092794.959119899] [robot_state_publisher]: got segment base_link
[robot_state_publisher-2] [INFO] [1765092794.959122261] [robot_state_publisher]: got segment baseup_link
[robot_state_publisher-2] [INFO] [1765092794.959124613] [robot_state_publisher]: got segment lidar_link
[create-3] [INFO] [1765092794.966482762] [ros_gz_sim]: Requesting list of world names.
[parameter_bridge-4] [INFO] [1765092794.980722655] [ros_gz_bridge]: Creating GZ->ROS Bridge: [/scan (ignition.msgs.LaserScan) -> /scan (sensor_msgs/msg/LaserScan)] (Lazy 0)
[parameter_bridge-4] [INFO] [1765092794.981728565] [ros_gz_bridge]: Creating GZ->ROS Bridge: [/cmd_vel (ignition.msgs.Twist) -> /cmd_vel (geometry_msgs/msg/Twist)] (Lazy 0)
[parameter_bridge-4] [INFO] [1765092794.982070301] [ros_gz_bridge]: Creating ROS->GZ Bridge: [/cmd_vel (geometry_msgs/msg/Twist) -> /cmd_vel (ignition.msgs.Twist)] (Lazy 0)
[parameter_bridge-4] [INFO] [1765092794.982312305] [ros_gz_bridge]: Creating GZ->ROS Bridge: [/odometry (ignition.msgs.Odometry) -> /odometry (nav_msgs/msg/Odometry)] (Lazy 0)
[parameter_bridge-4] [INFO] [1765092794.982874897] [ros_gz_bridge]: Creating GZ->ROS Bridge: [/clock (ignition.msgs.Clock) -> /clock (rosgraph_msgs/msg/Clock)] (Lazy 0)
[parameter_bridge-4] [INFO] [1765092794.983212219] [ros_gz_bridge]: Creating GZ->ROS Bridge: [/joint_states (ignition.msgs.Model) -> /joint_states (sensor_msgs/msg/JointState)] (Lazy 0)
[parameter_bridge-4] [INFO] [1765092794.983433929] [ros_gz_bridge]: Creating GZ->ROS Bridge: [/tf (ignition.msgs.Pose_V) -> /tf (tf2_msgs/msg/TFMessage)] (Lazy 0)
[create-3] [INFO] [1765092795.168272904] [ros_gz_sim]: Waiting messages on topic [robot_description].
[create-3] [INFO] [1765092795.179531740] [ros_gz_sim]: Requested creation of entity.
[create-3] [INFO] [1765092795.179580741] [ros_gz_sim]: OK creation of entity.
[INFO] [create-3]: process has finished cleanly [pid 35977]
[ign gazebo-1] libEGL warning: egl: failed to create dri2 screen
[ign gazebo-1] libEGL warning: egl: failed to create dri2 screen
[INFO] [async_slam_toolbox_node-5]: process started with pid [36269]
[INFO] [rviz2-6]: process started with pid [36271]
[async_slam_toolbox_node-5] [INFO] [1765092799.980130600] [slam_toolbox]: Node using stack size 40000000
[async_slam_toolbox_node-5] [INFO] [1765092800.004185334] [slam_toolbox]: Using solver plugin solver_plugins::CeresSolver
[async_slam_toolbox_node-5] [INFO] [1765092800.004341284] [slam_toolbox]: CeresSolver: Using SCHUR_JACOBI preconditioner.
[async_slam_toolbox_node-5] [ERROR] [1765092800.015495669] [slam_toolbox]: serialization::Read: Failed to open requested file: test_map.
[async_slam_toolbox_node-5] [ERROR] [1765092800.015517602] [slam_toolbox]: DeserializePoseGraph: Failed to read file: test_map.
[async_slam_toolbox_node-5] [WARN] [1765092800.056211243] [slam_toolbox]: minimum laser range setting (0.0 m) exceeds the capabilities of the used Lidar (0.2 m)
[async_slam_toolbox_node-5] [WARN] [1765092800.056275163] [slam_toolbox]: maximum laser range setting (20.0 m) exceeds the capabilities of the used Lidar (10.0 m)
[async_slam_toolbox_node-5] Info: clipped range threshold to be within minimum and maximum range!
[async_slam_toolbox_node-5] Registering sensor: [Custom Described Lidar]
[rviz2-6] [INFO] [1765092800.571759416] [rviz2]: Stereo is NOT SUPPORTED
[rviz2-6] [INFO] [1765092800.571869048] [rviz2]: OpenGl version: 4.6 (GLSL 4.6)
[rviz2-6] [INFO] [1765092800.659633771] [rviz2]: Stereo is NOT SUPPORTED
[rviz2-6] [INFO] [1765092801.048081524] [rviz2]: Trying to create a map of size 272 x 203 using 1 swatches
[INFO] [controller_server-7]: process started with pid [36362]
[INFO] [smoother_server-8]: process started with pid [36364]
[INFO] [planner_server-9]: process started with pid [36366]
[INFO] [behavior_server-10]: process started with pid [36368]
[INFO] [bt_navigator-11]: process started with pid [36370]
[INFO] [waypoint_follower-12]: process started with pid [36372]
[INFO] [velocity_smoother-13]: process started with pid [36374]
[INFO] [lifecycle_manager-14]: process started with pid [36376]
[lifecycle_manager-14] [INFO] [1765092803.118701163] [lifecycle_manager_navigation]: Creating
[lifecycle_manager-14] [INFO] [1765092803.120024819] [lifecycle_manager_navigation]: [34m[1mCreating and initializing lifecycle service clients[0m[0m
[velocity_smoother-13] [INFO] [1765092803.121749286] [velocity_smoother]: 
[velocity_smoother-13] 	velocity_smoother lifecycle node launched. 
[velocity_smoother-13] 	Waiting on external lifecycle transitions to activate
[velocity_smoother-13] 	See https://design.ros2.org/articles/node_lifecycle.html for more information.
[controller_server-7] [INFO] [1765092803.122638470] [controller_server]: 
[controller_server-7] 	controller_server lifecycle node launched. 
[controller_server-7] 	Waiting on external lifecycle transitions to activate
[controller_server-7] 	See https://design.ros2.org/articles/node_lifecycle.html for more information.
[smoother_server-8] [INFO] [1765092803.125212208] [smoother_server]: 
[smoother_server-8] 	smoother_server lifecycle node launched. 
[smoother_server-8] 	Waiting on external lifecycle transitions to activate
[smoother_server-8] 	See https://design.ros2.org/articles/node_lifecycle.html for more information.
[bt_navigator-11] [INFO] [1765092803.126653307] [bt_navigator]: 
[bt_navigator-11] 	bt_navigator lifecycle node launched. 
[bt_navigator-11] 	Waiting on external lifecycle transitions to activate
[bt_navigator-11] 	See https://design.ros2.org/articles/node_lifecycle.html for more information.
[bt_navigator-11] [INFO] [1765092803.126745966] [bt_navigator]: Creating
[waypoint_follower-12] [INFO] [1765092803.128814921] [waypoint_follower]: 
[waypoint_follower-12] 	waypoint_follower lifecycle node launched. 
[waypoint_follower-12] 	Waiting on external lifecycle transitions to activate
[waypoint_follower-12] 	See https://design.ros2.org/articles/node_lifecycle.html for more information.
[planner_server-9] [INFO] [1765092803.129113219] [planner_server]: 
[planner_server-9] 	planner_server lifecycle node launched. 
[planner_server-9] 	Waiting on external lifecycle transitions to activate
[planner_server-9] 	See https://design.ros2.org/articles/node_lifecycle.html for more information.
[waypoint_follower-12] [INFO] [1765092803.131124885] [waypoint_follower]: Creating
[smoother_server-8] [INFO] [1765092803.131697808] [smoother_server]: Creating smoother server
[behavior_server-10] [INFO] [1765092803.133105378] [behavior_server]: 
[behavior_server-10] 	behavior_server lifecycle node launched. 
[behavior_server-10] 	Waiting on external lifecycle transitions to activate
[behavior_server-10] 	See https://design.ros2.org/articles/node_lifecycle.html for more information.
[planner_server-9] [INFO] [1765092803.134324583] [planner_server]: Creating
[controller_server-7] [INFO] [1765092803.137750559] [controller_server]: Creating controller server
[planner_server-9] [INFO] [1765092803.139882910] [global_costmap.global_costmap]: 
[planner_server-9] 	global_costmap lifecycle node launched. 
[planner_server-9] 	Waiting on external lifecycle transitions to activate
[planner_server-9] 	See https://design.ros2.org/articles/node_lifecycle.html for more information.
[planner_server-9] [INFO] [1765092803.141488998] [global_costmap.global_costmap]: Creating Costmap
[controller_server-7] [INFO] [1765092803.144247486] [local_costmap.local_costmap]: 
[controller_server-7] 	local_costmap lifecycle node launched. 
[controller_server-7] 	Waiting on external lifecycle transitions to activate
[controller_server-7] 	See https://design.ros2.org/articles/node_lifecycle.html for more information.
[controller_server-7] [INFO] [1765092803.145624564] [local_costmap.local_costmap]: Creating Costmap
